<?xml version="1.0" encoding="UTF-8"?>
<testng-results ignored="0" total="1" passed="1" failed="0" skipped="0">
  <reporter-output>
  </reporter-output>
  <suite started-at="2020-04-28T19:35:32 IST" name="Suite" finished-at="2020-04-28T19:35:50 IST" duration-ms="17393">
    <groups>
    </groups>
    <test started-at="2020-04-28T19:35:32 IST" name="Test" finished-at="2020-04-28T19:35:50 IST" duration-ms="17393">
      <class name="TestAutomation.OpenBrowserFB">
        <test-method signature="OpenBrowser()[pri:0, instance:TestAutomation.OpenBrowserFB@424e1977]" started-at="2020-04-28T19:35:32 IST" name="OpenBrowser" finished-at="2020-04-28T19:35:50 IST" duration-ms="17322" status="PASS">
          <reporter-output>
          </reporter-output>
        </test-method> <!-- OpenBrowser -->
      </class> <!-- TestAutomation.OpenBrowserFB -->
    </test> <!-- Test -->
  </suite> <!-- Suite -->
</testng-results>
